# JRE version: OpenJDK Runtime Environment (8.0_152-b01) (build 1.8.0_152-release-915-b01)
# Java VM: OpenJDK 64-Bit Server VM (25.152-b01 mixed mode linux-amd64 compressed oops)
Heap:
 PSYoungGen      total 166912K, used 11032K [0x00000000e0000000, 0x00000000eb380000, 0x0000000100000000)
  eden space 150016K, 0% used [0x00000000e0000000,0x00000000e0000000,0x00000000e9280000)
  from space 16896K, 65% used [0x00000000e9280000,0x00000000e9d46128,0x00000000ea300000)
  to   space 13824K, 0% used [0x00000000ea600000,0x00000000ea600000,0x00000000eb380000)
 ParOldGen       total 84992K, used 35414K [0x00000000a0000000, 0x00000000a5300000, 0x00000000e0000000)
  object space 84992K, 41% used [0x00000000a0000000,0x00000000a2295928,0x00000000a5300000)
 Metaspace       used 61263K, capacity 63278K, committed 63448K, reserved 1103872K
  class space    used 8185K, capacity 8696K, committed 8704K, reserved 1048576K
GC Heap History (10 events):
Event: 30.327 GC heap after
Heap after GC invocations=13 (full 2):
 PSYoungGen      total 112128K, used 10729K [0x00000000e0000000, 0x00000000e9300000, 0x0000000100000000)
  eden space 101376K, 0% used [0x00000000e0000000,0x00000000e0000000,0x00000000e6300000)
  from space 10752K, 99% used [0x00000000e6300000,0x00000000e6d7a578,0x00000000e6d80000)
  to   space 12288K, 0% used [0x00000000e8700000,0x00000000e8700000,0x00000000e9300000)
 ParOldGen       total 50688K, used 16306K [0x00000000a0000000, 0x00000000a3180000, 0x00000000e0000000)
  object space 50688K, 32% used [0x00000000a0000000,0x00000000a0fec9b0,0x00000000a3180000)
 Metaspace       used 40995K, capacity 41792K, committed 42072K, reserved 1085440K
  class space    used 5476K, capacity 5728K, committed 5760K, reserved 1048576K
}
Event: 37.585 GC heap before
{Heap before GC invocations=14 (full 2):
 PSYoungGen      total 112128K, used 112105K [0x00000000e0000000, 0x00000000e9300000, 0x0000000100000000)
  eden space 101376K, 100% used [0x00000000e0000000,0x00000000e6300000,0x00000000e6300000)
  from space 10752K, 99% used [0x00000000e6300000,0x00000000e6d7a578,0x00000000e6d80000)
  to   space 12288K, 0% used [0x00000000e8700000,0x00000000e8700000,0x00000000e9300000)
 ParOldGen       total 50688K, used 16306K [0x00000000a0000000, 0x00000000a3180000, 0x00000000e0000000)
  object space 50688K, 32% used [0x00000000a0000000,0x00000000a0fec9b0,0x00000000a3180000)
 Metaspace       used 50261K, capacity 51784K, committed 52056K, reserved 1093632K
  class space    used 6813K, capacity 7189K, committed 7296K, reserved 1048576K
Event: 37.666 GC heap after
Heap after GC invocations=14 (full 2):
 PSYoungGen      total 137728K, used 9280K [0x00000000e0000000, 0x00000000e9380000, 0x0000000100000000)
  eden space 125440K, 0% used [0x00000000e0000000,0x00000000e0000000,0x00000000e7a80000)
  from space 12288K, 75% used [0x00000000e8700000,0x00000000e90100a8,0x00000000e9300000)
  to   space 12800K, 0% used [0x00000000e7a80000,0x00000000e7a80000,0x00000000e8700000)
 ParOldGen       total 50688K, used 23192K [0x00000000a0000000, 0x00000000a3180000, 0x00000000e0000000)
  object space 50688K, 45% used [0x00000000a0000000,0x00000000a16a62f8,0x00000000a3180000)
 Metaspace       used 50261K, capacity 51784K, committed 52056K, reserved 1093632K
  class space    used 6813K, capacity 7189K, committed 7296K, reserved 1048576K
}
Event: 50.979 GC heap before
{Heap before GC invocations=15 (full 2):
 PSYoungGen      total 137728K, used 124192K [0x00000000e0000000, 0x00000000e9380000, 0x0000000100000000)
  eden space 125440K, 91% used [0x00000000e0000000,0x00000000e7037fe0,0x00000000e7a80000)
  from space 12288K, 75% used [0x00000000e8700000,0x00000000e90100a8,0x00000000e9300000)
  to   space 12800K, 0% used [0x00000000e7a80000,0x00000000e7a80000,0x00000000e8700000)
 ParOldGen       total 50688K, used 23192K [0x00000000a0000000, 0x00000000a3180000, 0x00000000e0000000)
  object space 50688K, 45% used [0x00000000a0000000,0x00000000a16a62f8,0x00000000a3180000)
 Metaspace       used 57009K, capacity 58812K, committed 58968K, reserved 1099776K
  class space    used 7766K, capacity 8217K, committed 8320K, reserved 1048576K
Event: 51.090 GC heap after
Heap after GC invocations=15 (full 2):
 PSYoungGen      total 138240K, used 12770K [0x00000000e0000000, 0x00000000eb580000, 0x0000000100000000)
  eden space 125440K, 0% used [0x00000000e0000000,0x00000000e0000000,0x00000000e7a80000)
  from space 12800K, 99% used [0x00000000e7a80000,0x00000000e86f8948,0x00000000e8700000)
  to   space 15872K, 0% used [0x00000000ea600000,0x00000000ea600000,0x00000000eb580000)
 ParOldGen       total 50688K, used 26336K [0x00000000a0000000, 0x00000000a3180000, 0x00000000e0000000)
  object space 50688K, 51% used [0x00000000a0000000,0x00000000a19b8340,0x00000000a3180000)
 Metaspace       used 57009K, capacity 58812K, committed 58968K, reserved 1099776K
  class space    used 7766K, capacity 8217K, committed 8320K, reserved 1048576K
}
Event: 51.090 GC heap before
{Heap before GC invocations=16 (full 3):
 PSYoungGen      total 138240K, used 12770K [0x00000000e0000000, 0x00000000eb580000, 0x0000000100000000)
  eden space 125440K, 0% used [0x00000000e0000000,0x00000000e0000000,0x00000000e7a80000)
  from space 12800K, 99% used [0x00000000e7a80000,0x00000000e86f8948,0x00000000e8700000)
  to   space 15872K, 0% used [0x00000000ea600000,0x00000000ea600000,0x00000000eb580000)
 ParOldGen       total 50688K, used 26336K [0x00000000a0000000, 0x00000000a3180000, 0x00000000e0000000)
  object space 50688K, 51% used [0x00000000a0000000,0x00000000a19b8340,0x00000000a3180000)
 Metaspace       used 57009K, capacity 58812K, committed 58968K, reserved 1099776K
  class space    used 7766K, capacity 8217K, committed 8320K, reserved 1048576K
Event: 51.809 GC heap after
Heap after GC invocations=16 (full 3):
 PSYoungGen      total 138240K, used 0K [0x00000000e0000000, 0x00000000eb580000, 0x0000000100000000)
  eden space 125440K, 0% used [0x00000000e0000000,0x00000000e0000000,0x00000000e7a80000)
  from space 12800K, 0% used [0x00000000e7a80000,0x00000000e7a80000,0x00000000e8700000)
  to   space 15872K, 0% used [0x00000000ea600000,0x00000000ea600000,0x00000000eb580000)
 ParOldGen       total 84992K, used 35398K [0x00000000a0000000, 0x00000000a5300000, 0x00000000e0000000)
  object space 84992K, 41% used [0x00000000a0000000,0x00000000a2291928,0x00000000a5300000)
 Metaspace       used 57007K, capacity 58806K, committed 58968K, reserved 1099776K
  class space    used 7766K, capacity 8216K, committed 8320K, reserved 1048576K
}
Event: 60.243 GC heap before
{Heap before GC invocations=17 (full 3):
 PSYoungGen      total 138240K, used 125229K [0x00000000e0000000, 0x00000000eb580000, 0x0000000100000000)
  eden space 125440K, 99% used [0x00000000e0000000,0x00000000e7a4b7c0,0x00000000e7a80000)
  from space 12800K, 0% used [0x00000000e7a80000,0x00000000e7a80000,0x00000000e8700000)
  to   space 15872K, 0% used [0x00000000ea600000,0x00000000ea600000,0x00000000eb580000)
 ParOldGen       total 84992K, used 35398K [0x00000000a0000000, 0x00000000a5300000, 0x00000000e0000000)
  object space 84992K, 41% used [0x00000000a0000000,0x00000000a2291928,0x00000000a5300000)
 Metaspace       used 61258K, capacity 63278K, committed 63448K, reserved 1103872K
  class space    used 8185K, capacity 8696K, committed 8704K, reserved 1048576K
Event: 60.302 GC heap after
Heap after GC invocations=17 (full 3):
 PSYoungGen      total 163840K, used 12051K [0x00000000e0000000, 0x00000000eb380000, 0x0000000100000000)
  eden space 150016K, 0% used [0x00000000e0000000,0x00000000e0000000,0x00000000e9280000)
  from space 13824K, 87% used [0x00000000ea600000,0x00000000eb1c4c80,0x00000000eb380000)
  to   space 16896K, 0% used [0x00000000e9280000,0x00000000e9280000,0x00000000ea300000)
 ParOldGen       total 84992K, used 35406K [0x00000000a0000000, 0x00000000a5300000, 0x00000000e0000000)
  object space 84992K, 41% used [0x00000000a0000000,0x00000000a2293928,0x00000000a5300000)
 Metaspace       used 61258K, capacity 63278K, committed 63448K, reserved 1103872K
  class space    used 8185K, capacity 8696K, committed 8704K, reserved 1048576K
}
Event: 60.439 GC heap before
{Heap before GC invocations=18 (full 3):
 PSYoungGen      total 163840K, used 161602K [0x00000000e0000000, 0x00000000eb380000, 0x0000000100000000)
  eden space 150016K, 99% used [0x00000000e0000000,0x00000000e920bc00,0x00000000e9280000)
  from space 13824K, 87% used [0x00000000ea600000,0x00000000eb1c4c80,0x00000000eb380000)
  to   space 16896K, 0% used [0x00000000e9280000,0x00000000e9280000,0x00000000ea300000)
 ParOldGen       total 84992K, used 35406K [0x00000000a0000000, 0x00000000a5300000, 0x00000000e0000000)
  object space 84992K, 41% used [0x00000000a0000000,0x00000000a2293928,0x00000000a5300000)
 Metaspace       used 61263K, capacity 63278K, committed 63448K, reserved 1103872K
  class space    used 8185K, capacity 8696K, committed 8704K, reserved 1048576K

